c:\users\morimoto\documents\github\templatepractice\templatepractice\debug\vc140.pdb
c:\users\morimoto\documents\github\templatepractice\templatepractice\debug\vc140.idb
c:\users\morimoto\documents\github\templatepractice\templatepractice\debug\cvabyanalyticexposuretest.obj
c:\users\morimoto\documents\github\templatepractice\templatepractice\debug\cvabyregressionexposuretest.obj
c:\users\morimoto\documents\github\templatepractice\templatepractice\debug\lsmfunctiontest.obj
c:\users\morimoto\documents\github\templatepractice\templatepractice\debug\optionbylsmtest.obj
c:\users\morimoto\documents\github\templatepractice\templatepractice\debug\optiontest.obj
c:\users\morimoto\documents\github\templatepractice\templatepractice\debug\pathtest.obj
c:\users\morimoto\documents\github\templatepractice\templatepractice\debug\payofftest.obj
c:\users\morimoto\documents\github\templatepractice\templatepractice\debug\regressiontest.obj
c:\users\morimoto\documents\github\templatepractice\templatepractice\debug\cvabyanalytictest.obj
c:\users\morimoto\documents\github\templatepractice\templatepractice\debug\dualtest.obj
c:\users\morimoto\documents\github\templatepractice\templatepractice\debug\mainxva.obj
c:\users\morimoto\documents\github\templatepractice\templatepractice\debug\cvabyregressionmodifiedexposuretest.obj
c:\users\morimoto\documents\github\templatepractice\debug\templatepractice.exe
c:\users\morimoto\documents\github\templatepractice\debug\templatepractice.pdb
c:\users\morimoto\documents\github\templatepractice\templatepractice\debug\templatepractice.tlog\cl.command.1.tlog
c:\users\morimoto\documents\github\templatepractice\templatepractice\debug\templatepractice.tlog\cl.read.1.tlog
c:\users\morimoto\documents\github\templatepractice\templatepractice\debug\templatepractice.tlog\cl.write.1.tlog
c:\users\morimoto\documents\github\templatepractice\templatepractice\debug\templatepractice.tlog\link.command.1.tlog
c:\users\morimoto\documents\github\templatepractice\templatepractice\debug\templatepractice.tlog\link.read.1.tlog
c:\users\morimoto\documents\github\templatepractice\templatepractice\debug\templatepractice.tlog\link.write.1.tlog
