  CvaByAnalyticExposureTest.cpp
  Unknown compiler version - please run the configure tests and report the results
  CvaByRegressionExposureTest.cpp
  Unknown compiler version - please run the configure tests and report the results
  CvaByAnalyticTest.cpp
  Unknown compiler version - please run the configure tests and report the results
  CvaByRegressionModifiedExposureTest.cpp
  Unknown compiler version - please run the configure tests and report the results
  DualTest.cpp
  Unknown compiler version - please run the configure tests and report the results
  LsmFunctionTest.cpp
  Unknown compiler version - please run the configure tests and report the results
  mainXva.cpp
  OptionByLsmTest.cpp
  Unknown compiler version - please run the configure tests and report the results
  OptionTest.cpp
  Unknown compiler version - please run the configure tests and report the results
  PathTest.cpp
  Unknown compiler version - please run the configure tests and report the results
  PayOffTest.cpp
  Unknown compiler version - please run the configure tests and report the results
  RegressionTest.cpp
  Unknown compiler version - please run the configure tests and report the results
  コード生成しています。
  All 877 functions were compiled because no usable IPDB/IOBJ from previous compilation was found.
  コード生成が終了しました。
  TemplatePractice.vcxproj -> C:\Users\MORIMOTO\Documents\GitHub\TemplatePractice\Release\TemplatePractice.dll
